#
# A fatal error has been detected by the Java Runtime Environment:
#
#  EXCEPTION_ACCESS_VIOLATION (0xc0000005) at pc=0x00007ff83507beca, pid=5704, tid=12968
#
# JRE version: Java(TM) SE Runtime Environment (17.0+35) (build 17+35-LTS-2724)
# Java VM: Java HotSpot(TM) 64-Bit Server VM (17+35-LTS-2724, mixed mode, sharing, tiered, compressed oops, compressed class ptrs, g1 gc, windows-amd64)
# Problematic frame:
# V  [jvm.dll+0x73beca]
#
# No core dump will be written. Minidumps are not enabled by default on client versions of Windows
#
# If you would like to submit a bug report, please visit:
#   https://bugreport.java.com/bugreport/crash.jsp
#

---------------  S U M M A R Y ------------

Command Line: -XX:+ShowCodeDetailsInExceptionMessages -agentlib:jdwp=transport=dt_socket,suspend=y,address=localhost:54556 -javaagent:C:\Users\renat\eclipse\jee-2021-09\eclipse\configuration\org.eclipse.osgi\415\0\.cp\lib\javaagent-shaded.jar -Dfile.encoding=Cp1252 aplicacao_console.AplicacaoConsole

Host: Intel(R) Core(TM) i5-9300HF CPU @ 2.40GHz, 8 cores, 7G,  Windows 10 , 64 bit Build 22000 (10.0.22000.434)
Time: Sun Mar 13 21:14:06 2022 Hora oficial do Brasil elapsed time: 173.948292 seconds (0d 0h 2m 53s)

---------------  T H R E A D  ---------------

Current thread (0x000001f77fd11b10):  JavaThread "JDWP Transport Listener: dt_socket" daemon [_thread_in_vm, id=12968, stack(0x00000007f9200000,0x00000007f9300000)]

Stack: [0x00000007f9200000,0x00000007f9300000],  sp=0x00000007f92ff540,  free space=1021k
Native frames: (J=compiled Java code, j=interpreted, Vv=VM code, C=native code)
V  [jvm.dll+0x73beca]
V  [jvm.dll+0x50476c]
V  [jvm.dll+0x4d0084]
C  [jdwp.dll+0x22e9f]


siginfo: EXCEPTION_ACCESS_VIOLATION (0xc0000005), reading address 0x00000000005c0005


Register to memory mapping:

RIP=0x00007ff83507beca jvm.dll
RAX=0x000000000000005b is an unknown value
RBX=0x000001f77f029f32 points into unknown readable memory: 61 76 61 2f 6c 61
RCX=0x00000000005c0001 is an unknown value
RDX=0x000001f77fcd6530 points into unknown readable memory: 0x4f41442f6f61644c | 4c 64 61 6f 2f 44 41 4f
RSP=0x00000007f92ff540 is pointing into the stack for thread: 0x000001f77fd11b10
RBP=0x000001f77fceb6c0 points into unknown readable memory: 0x0000000000000002 | 02 00 00 00 00 00 00 00
RSI=0x0 is NULL
RDI=0xffffffffffffffff is an unknown value
R8 =0x0000000000000020 is an unknown value
R9 =0x0000000000000040 is an unknown value
R10=0x0 is NULL
R11=0x00000007f92ff560 is pointing into the stack for thread: 0x000001f77fd11b10
R12=0x00000007f92ff698 is pointing into the stack for thread: 0x000001f77fd11b10
R13=0x0 is NULL
R14=0x0000000800c06890 is a pointer to class: 
dao.DAOTelefone {0x0000000800c06898}
 - instance size:     2
 - klass size:        82
 - access:            public synchronized 
 - state:             fully_initialized
 - name:              'dao/DAOTelefone'
 - super:             'dao/DAO'
 - sub:               
 - arrays:            NULL
 - methods:           Array<T>(0x000001f77fadffb8)
 - method ordering:   Array<T>(0x000001f77fae0420)
 - default_methods:   Array<T>(0x0000000000000000)
 - local interfaces:  Array<T>(0x00000008005af3b0)
 - trans. interfaces: Array<T>(0x000001f77f83ffa8)
 - constants:         constant pool [103] {0x000001f77fae0bc0} for 'dao/DAOTelefone' cache=0x000001f77fae0f88
 - class loader data:  loader data: 0x000001f77fc24b60 for instance a 'jdk/internal/loader/ClassLoaders$AppClassLoader'{0x0000000087a15550}
 - source file:       'DAOTelefone.java'
 - source debug extension:       SMAP
DAOTelefone.java
Java
*S jdt
*F
1 DAOTelefone.java
2 file:/C:/Users/renat/Downloads/projeto1-AgendaContatoDB4O/bin/
*L
*E

 - class annotations:       Array<T>(0x0000000000000000)
 - class type annotations:  Array<T>(0x0000000000000000)
 - field annotations:       Array<T>(0x0000000000000000)
 - field type annotations:  Array<T>(0x0000000000000000)
 - generic signature: '
[error occurred during error reporting (printing register info), id 0xc0000005, EXCEPTION_ACCESS_VIOLATION (0xc0000005) at pc=0x00007ff83507cad6]

Registers:
RAX=0x000000000000005b, RBX=0x000001f77f029f32, RCX=0x00000000005c0001, RDX=0x000001f77fcd6530
RSP=0x00000007f92ff540, RBP=0x000001f77fceb6c0, RSI=0x0000000000000000, RDI=0xffffffffffffffff
R8 =0x0000000000000020, R9 =0x0000000000000040, R10=0x0000000000000000, R11=0x00000007f92ff560
R12=0x00000007f92ff698, R13=0x0000000000000000, R14=0x0000000800c06890, R15=0x00000007f92ff6e8
RIP=0x00007ff83507beca, EFLAGS=0x0000000000010202

Top of Stack: (sp=0x00000007f92ff540)
0x00000007f92ff540:   000000000000000f 0000000800c06890
0x00000007f92ff550:   000001f77fd11b10 0000000000000000
0x00000007f92ff560:   ffffffffffffffff 00007ff834e4476c
0x00000007f92ff570:   000001f77f029f32 000001f77f029f20
0x00000007f92ff580:   000001f77fceb6c0 000001f70242da10
0x00000007f92ff590:   000001f77f029f00 00000000000003d8
0x00000007f92ff5a0:   000001f77f029f10 000001f77f02a2e8
0x00000007f92ff5b0:   0000000000000002 00000007f92ff698
0x00000007f92ff5c0:   0000000000000000 0000000000000000
0x00000007f92ff5d0:   0000000087aa1080 00007ff834e10084
0x00000007f92ff5e0:   000001f77fd11b10 00000007f92ff6e8
0x00000007f92ff5f0:   000001f762f50220 00000007f92ff6e8
0x00000007f92ff600:   000001f77fd11b10 0000000000000000
0x00000007f92ff610:   000001f700000000 0000000000000000
0x00000007f92ff620:   000000000000000d 00007ff860562e9f
0x00000007f92ff630:   00000007f92ff6e0 00007ff860571830 

Instructions: (pc=0x00007ff83507beca)
0x00007ff83507bdca:   48 83 c4 20 5f e9 fc 87 96 ff cc cc cc cc cc cc
0x00007ff83507bdda:   cc cc cc cc cc cc 48 89 5c 24 08 57 48 83 ec 20
0x00007ff83507bdea:   83 fa 02 8d 42 06 b9 08 00 00 00 49 8b d8 0f 4e
0x00007ff83507bdfa:   c1 48 63 c8 48 83 c1 07 83 e1 f8 48 63 f9 49 8b
0x00007ff83507be0a:   48 18 48 8b c7 48 f7 d0 48 3b c1 73 16 4c 8d 05
0x00007ff83507be1a:   9a 48 17 00 48 8b d7 48 8b cb e8 07 eb 96 ff 48
0x00007ff83507be2a:   8b 4b 18 48 8d 04 39 48 3b 43 20 76 18 45 33 c0
0x00007ff83507be3a:   48 8b d7 48 8b cb 48 8b 5c 24 30 48 83 c4 20 5f
0x00007ff83507be4a:   e9 61 e7 96 ff 48 89 43 18 48 8b c1 48 8b 5c 24
0x00007ff83507be5a:   30 48 83 c4 20 5f c3 cc cc cc cc cc cc cc cc cc
0x00007ff83507be6a:   cc cc cc cc cc cc 4c 8b d2 4c 8b d9 45 85 c0 7e
0x00007ff83507be7a:   3c 44 0f b7 49 04 41 8d 40 ff 41 3b c1 44 0f 4c
0x00007ff83507be8a:   c8 4d 63 c1 45 85 c9 7e 1f 48 8b c2 4c 2b da 49
0x00007ff83507be9a:   8b d0 0f 1f 40 00 41 0f b6 4c 03 06 88 08 48 8d
0x00007ff83507beaa:   40 01 48 83 ea 01 75 ee 43 c6 04 10 00 49 8b c2
0x00007ff83507beba:   c3 cc cc cc cc cc 48 89 5c 24 08 57 48 83 ec 20
0x00007ff83507beca:   0f b7 59 04 48 8b f9 33 d2 48 8d 4b 01 e8 14 9b
0x00007ff83507beda:   f8 ff 0f b7 57 04 4c 8b c0 3b da 0f 42 d3 44 8b
0x00007ff83507beea:   ca 85 d2 74 39 48 2b f8 0f 1f 40 00 66 66 0f 1f
0x00007ff83507befa:   84 00 00 00 00 00 0f b6 4c 07 06 88 08 48 ff c0
0x00007ff83507bf0a:   48 8b c8 49 2b c8 49 3b c9 7c eb 42 c6 04 02 00
0x00007ff83507bf1a:   49 8b c0 48 8b 5c 24 30 48 83 c4 20 5f c3 48 8b
0x00007ff83507bf2a:   5c 24 30 c6 04 02 00 48 83 c4 20 5f c3 cc cc cc
0x00007ff83507bf3a:   cc cc cc cc cc cc 4c 8b d1 45 85 c0 7e 6c 44 0f
0x00007ff83507bf4a:   b7 49 04 41 8d 40 ff 41 3b c1 44 0f 4c c8 4d 63
0x00007ff83507bf5a:   d9 45 85 c9 7e 22 48 8b ca 4c 2b d2 4d 8b c3 0f
0x00007ff83507bf6a:   1f 80 00 00 00 00 41 0f b6 44 0a 06 88 01 48 8d
0x00007ff83507bf7a:   49 01 49 83 e8 01 75 ee 41 c6 04 13 00 48 c7 c0
0x00007ff83507bf8a:   ff ff ff ff 66 90 48 ff c0 80 3c 02 00 75 f7 48
0x00007ff83507bf9a:   63 c8 85 c0 48 8b c2 7e 14 80 38 2f 75 03 c6 00
0x00007ff83507bfaa:   2e 48 ff c0 48 83 e9 01 75 ef 48 8b c2 c3 cc cc
0x00007ff83507bfba:   cc cc cc cc cc cc 48 83 ec 28 e8 f7 fe ff ff 4c 


Stack slot to memory mapping:
stack at sp + 0 slots: 0x000000000000000f is an unknown value
stack at sp + 1 slots: 0x0000000800c06890 is a pointer to class: 
dao.DAOTelefone {0x0000000800c06898}
 - instance size:     2
 - klass size:        82
 - access:            public synchronized 
 - state:             fully_initialized
 - name:              'dao/DAOTelefone'
 - super:             'dao/DAO'
 - sub:               
 - arrays:            NULL
 - methods:           Array<T>(0x000001f77fadffb8)
 - method ordering:   Array<T>(0x000001f77fae0420)
 - default_methods:   Array<T>(0x0000000000000000)
 - local interfaces:  Array<T>(0x00000008005af3b0)
 - trans. interfaces: Array<T>(0x000001f77f83ffa8)
 - constants:         constant pool [103] {0x000001f77fae0bc0} for 'dao/DAOTelefone' cache=0x000001f77fae0f88
 - class loader data:  loader data: 0x000001f77fc24b60 for instance a 'jdk/internal/loader/ClassLoaders$AppClassLoader'{0x0000000087a15550}
 - source file:       'DAOTelefone.java'
 - source debug extension:       SMAP
DAOTelefone.java
Java
*S jdt
*F
1 DAOTelefone.java
2 file:/C:/Users/renat/Downloads/projeto1-AgendaContatoDB4O/bin/
*L
*E

 - class annotations:       Array<T>(0x0000000000000000)
 - class type annotations:  Array<T>(0x0000000000000000)
 - field annotations:       Array<T>(0x0000000000000000)
 - field type annotations:  Array<T>(0x0000000000000000)
 - generic signature: '
[error occurred during error reporting (inspecting top of stack), id 0xc0000005, EXCEPTION_ACCESS_VIOLATION (0xc0000005) at pc=0x00007ff83507cad6]


---------------  P R O C E S S  ---------------

Threads class SMR info:
_java_thread_list=0x000001f703b08150, length=16, elements={
0x000001f762f632b0, 0x000001f77efed640, 0x000001f77efee2b0, 0x000001f77f003690,
0x000001f77f004040, 0x000001f77f005200, 0x000001f77f005bb0, 0x000001f77f011e50,
0x000001f77f016070, 0x000001f77f028230, 0x000001f77fc3a0d0, 0x000001f77fd11b10,
0x000001f77fd12ba0, 0x000001f77fdacff0, 0x000001f7023f7f40, 0x000001f702749130
}

Java Threads: ( => current thread )
  0x000001f762f632b0 JavaThread "main" [_thread_blocked, id=8212, stack(0x00000007f8100000,0x00000007f8200000)]
  0x000001f77efed640 JavaThread "Reference Handler" daemon [_thread_blocked, id=17612, stack(0x00000007f8800000,0x00000007f8900000)]
  0x000001f77efee2b0 JavaThread "Finalizer" daemon [_thread_blocked, id=9436, stack(0x00000007f8900000,0x00000007f8a00000)]
  0x000001f77f003690 JavaThread "Signal Dispatcher" daemon [_thread_blocked, id=2960, stack(0x00000007f8a00000,0x00000007f8b00000)]
  0x000001f77f004040 JavaThread "Attach Listener" daemon [_thread_blocked, id=13744, stack(0x00000007f8b00000,0x00000007f8c00000)]
  0x000001f77f005200 JavaThread "Service Thread" daemon [_thread_blocked, id=3756, stack(0x00000007f8c00000,0x00000007f8d00000)]
  0x000001f77f005bb0 JavaThread "Monitor Deflation Thread" daemon [_thread_blocked, id=6544, stack(0x00000007f8d00000,0x00000007f8e00000)]
  0x000001f77f011e50 JavaThread "C2 CompilerThread0" daemon [_thread_blocked, id=19092, stack(0x00000007f8e00000,0x00000007f8f00000)]
  0x000001f77f016070 JavaThread "C1 CompilerThread0" daemon [_thread_blocked, id=1664, stack(0x00000007f8f00000,0x00000007f9000000)]
  0x000001f77f028230 JavaThread "Sweeper thread" daemon [_thread_blocked, id=7400, stack(0x00000007f9000000,0x00000007f9100000)]
  0x000001f77fc3a0d0 JavaThread "Common-Cleaner" daemon [_thread_blocked, id=21160, stack(0x00000007f9100000,0x00000007f9200000)]
=>0x000001f77fd11b10 JavaThread "JDWP Transport Listener: dt_socket" daemon [_thread_in_vm, id=12968, stack(0x00000007f9200000,0x00000007f9300000)]
  0x000001f77fd12ba0 JavaThread "JDWP Event Helper Thread" daemon [_thread_blocked, id=8664, stack(0x00000007f9300000,0x00000007f9400000)]
  0x000001f77fdacff0 JavaThread "JDWP Command Reader" daemon [_thread_in_native, id=4108, stack(0x00000007f9400000,0x00000007f9500000)]
  0x000001f7023f7f40 JavaThread "Notification Thread" daemon [_thread_blocked, id=17080, stack(0x00000007f9500000,0x00000007f9600000)]
  0x000001f702749130 JavaThread "db4o WeakReference collector" daemon [_thread_blocked, id=7824, stack(0x00000007f9e00000,0x00000007f9f00000)]

Other Threads:
  0x000001f77efe5b30 VMThread "VM Thread" [stack: 0x00000007f8700000,0x00000007f8800000] [id=6016]
  0x000001f762f63f20 WatcherThread [stack: 0x00000007f9600000,0x00000007f9700000] [id=9488]
  0x000001f762fa29c0 GCTaskThread "GC Thread#0" [stack: 0x00000007f8200000,0x00000007f8300000] [id=9876]
  0x000001f70246bc70 GCTaskThread "GC Thread#1" [stack: 0x00000007f9800000,0x00000007f9900000] [id=10956]
  0x000001f7027183b0 GCTaskThread "GC Thread#2" [stack: 0x00000007f9900000,0x00000007f9a00000] [id=21072]
  0x000001f70270f5e0 GCTaskThread "GC Thread#3" [stack: 0x00000007f9a00000,0x00000007f9b00000] [id=19660]
  0x000001f7027a5980 GCTaskThread "GC Thread#4" [stack: 0x00000007f9b00000,0x00000007f9c00000] [id=20336]
  0x000001f7027a6040 GCTaskThread "GC Thread#5" [stack: 0x00000007f9c00000,0x00000007f9d00000] [id=19392]
  0x000001f7027a6f10 GCTaskThread "GC Thread#6" [stack: 0x00000007f9d00000,0x00000007f9e00000] [id=10660]
  0x000001f762fb3d60 ConcurrentGCThread "G1 Main Marker" [stack: 0x00000007f8300000,0x00000007f8400000] [id=2376]
  0x000001f762fb4670 ConcurrentGCThread "G1 Conc#0" [stack: 0x00000007f8400000,0x00000007f8500000] [id=6536]
  0x000001f77eeb0090 ConcurrentGCThread "G1 Refine#0" [stack: 0x00000007f8500000,0x00000007f8600000] [id=9864]
  0x000001f77eeb09b0 ConcurrentGCThread "G1 Service" [stack: 0x00000007f8600000,0x00000007f8700000] [id=18264]

Threads with active compile tasks:

VM state: not at safepoint (normal execution)

VM Mutex/Monitor currently owned by a thread: None

Heap address: 0x0000000081200000, size: 2030 MB, Compressed Oops mode: 32-bit

CDS archive(s) mapped at: [0x0000000800000000-0x0000000800bc0000-0x0000000800bc0000), size 12320768, SharedBaseAddress: 0x0000000800000000, ArchiveRelocationMode: 0.
Compressed class space mapped at: 0x0000000800c00000-0x0000000840c00000, reserved size: 1073741824
Narrow klass base: 0x0000000800000000, Narrow klass shift: 0, Narrow klass range: 0x100000000

GC Precious Log:
 CPUs: 8 total, 8 available
 Memory: 8112M
 Large Page Support: Disabled
 NUMA Support: Disabled
 Compressed Oops: Enabled (32-bit)
 Heap Region Size: 1M
 Heap Min Capacity: 8M
 Heap Initial Capacity: 128M
 Heap Max Capacity: 2030M
 Pre-touch: Disabled
 Parallel Workers: 8
 Concurrent Workers: 2
 Concurrent Refinement Workers: 8
 Periodic GC: Disabled

Heap:
 garbage-first heap   total 131072K, used 13252K [0x0000000081200000, 0x0000000100000000)
  region size 1024K, 14 young (14336K), 2 survivors (2048K)
 Metaspace       used 6283K, committed 6464K, reserved 1056768K
  class space    used 762K, committed 832K, reserved 1048576K

Heap Regions: E=young(eden), S=young(survivor), O=old, HS=humongous(starts), HC=humongous(continues), CS=collection set, F=free, OA=open archive, CA=closed archive, TAMS=top-at-mark-start (previous, next)
|   0|0x0000000081200000, 0x0000000081200000, 0x0000000081300000|  0%| F|  |TAMS 0x0000000081200000, 0x0000000081200000| Untracked 
|   1|0x0000000081300000, 0x0000000081300000, 0x0000000081400000|  0%| F|  |TAMS 0x0000000081300000, 0x0000000081300000| Untracked 
|   2|0x0000000081400000, 0x0000000081400000, 0x0000000081500000|  0%| F|  |TAMS 0x0000000081400000, 0x0000000081400000| Untracked 
|   3|0x0000000081500000, 0x0000000081500000, 0x0000000081600000|  0%| F|  |TAMS 0x0000000081500000, 0x0000000081500000| Untracked 
|   4|0x0000000081600000, 0x0000000081600000, 0x0000000081700000|  0%| F|  |TAMS 0x0000000081600000, 0x0000000081600000| Untracked 
|   5|0x0000000081700000, 0x0000000081700000, 0x0000000081800000|  0%| F|  |TAMS 0x0000000081700000, 0x0000000081700000| Untracked 
|   6|0x0000000081800000, 0x0000000081800000, 0x0000000081900000|  0%| F|  |TAMS 0x0000000081800000, 0x0000000081800000| Untracked 
|   7|0x0000000081900000, 0x0000000081900000, 0x0000000081a00000|  0%| F|  |TAMS 0x0000000081900000, 0x0000000081900000| Untracked 
|   8|0x0000000081a00000, 0x0000000081a00000, 0x0000000081b00000|  0%| F|  |TAMS 0x0000000081a00000, 0x0000000081a00000| Untracked 
|   9|0x0000000081b00000, 0x0000000081b00000, 0x0000000081c00000|  0%| F|  |TAMS 0x0000000081b00000, 0x0000000081b00000| Untracked 
|  10|0x0000000081c00000, 0x0000000081c00000, 0x0000000081d00000|  0%| F|  |TAMS 0x0000000081c00000, 0x0000000081c00000| Untracked 
|  11|0x0000000081d00000, 0x0000000081d00000, 0x0000000081e00000|  0%| F|  |TAMS 0x0000000081d00000, 0x0000000081d00000| Untracked 
|  12|0x0000000081e00000, 0x0000000081e00000, 0x0000000081f00000|  0%| F|  |TAMS 0x0000000081e00000, 0x0000000081e00000| Untracked 
|  13|0x0000000081f00000, 0x0000000081f00000, 0x0000000082000000|  0%| F|  |TAMS 0x0000000081f00000, 0x0000000081f00000| Untracked 
|  14|0x0000000082000000, 0x0000000082000000, 0x0000000082100000|  0%| F|  |TAMS 0x0000000082000000, 0x0000000082000000| Untracked 
|  15|0x0000000082100000, 0x0000000082100000, 0x0000000082200000|  0%| F|  |TAMS 0x0000000082100000, 0x0000000082100000| Untracked 
|  16|0x0000000082200000, 0x0000000082200000, 0x0000000082300000|  0%| F|  |TAMS 0x0000000082200000, 0x0000000082200000| Untracked 
|  17|0x0000000082300000, 0x0000000082300000, 0x0000000082400000|  0%| F|  |TAMS 0x0000000082300000, 0x0000000082300000| Untracked 
|  18|0x0000000082400000, 0x0000000082400000, 0x0000000082500000|  0%| F|  |TAMS 0x0000000082400000, 0x0000000082400000| Untracked 
|  19|0x0000000082500000, 0x0000000082500000, 0x0000000082600000|  0%| F|  |TAMS 0x0000000082500000, 0x0000000082500000| Untracked 
|  20|0x0000000082600000, 0x0000000082600000, 0x0000000082700000|  0%| F|  |TAMS 0x0000000082600000, 0x0000000082600000| Untracked 
|  21|0x0000000082700000, 0x0000000082700000, 0x0000000082800000|  0%| F|  |TAMS 0x0000000082700000, 0x0000000082700000| Untracked 
|  22|0x0000000082800000, 0x0000000082800000, 0x0000000082900000|  0%| F|  |TAMS 0x0000000082800000, 0x0000000082800000| Untracked 
|  23|0x0000000082900000, 0x0000000082900000, 0x0000000082a00000|  0%| F|  |TAMS 0x0000000082900000, 0x0000000082900000| Untracked 
|  24|0x0000000082a00000, 0x0000000082a00000, 0x0000000082b00000|  0%| F|  |TAMS 0x0000000082a00000, 0x0000000082a00000| Untracked 
|  25|0x0000000082b00000, 0x0000000082b00000, 0x0000000082c00000|  0%| F|  |TAMS 0x0000000082b00000, 0x0000000082b00000| Untracked 
|  26|0x0000000082c00000, 0x0000000082c00000, 0x0000000082d00000|  0%| F|  |TAMS 0x0000000082c00000, 0x0000000082c00000| Untracked 
|  27|0x0000000082d00000, 0x0000000082d00000, 0x0000000082e00000|  0%| F|  |TAMS 0x0000000082d00000, 0x0000000082d00000| Untracked 
|  28|0x0000000082e00000, 0x0000000082e00000, 0x0000000082f00000|  0%| F|  |TAMS 0x0000000082e00000, 0x0000000082e00000| Untracked 
|  29|0x0000000082f00000, 0x0000000082f00000, 0x0000000083000000|  0%| F|  |TAMS 0x0000000082f00000, 0x0000000082f00000| Untracked 
|  30|0x0000000083000000, 0x0000000083000000, 0x0000000083100000|  0%| F|  |TAMS 0x0000000083000000, 0x0000000083000000| Untracked 
|  31|0x0000000083100000, 0x0000000083100000, 0x0000000083200000|  0%| F|  |TAMS 0x0000000083100000, 0x0000000083100000| Untracked 
|  32|0x0000000083200000, 0x0000000083200000, 0x0000000083300000|  0%| F|  |TAMS 0x0000000083200000, 0x0000000083200000| Untracked 
|  33|0x0000000083300000, 0x0000000083300000, 0x0000000083400000|  0%| F|  |TAMS 0x0000000083300000, 0x0000000083300000| Untracked 
|  34|0x0000000083400000, 0x0000000083400000, 0x0000000083500000|  0%| F|  |TAMS 0x0000000083400000, 0x0000000083400000| Untracked 
|  35|0x0000000083500000, 0x0000000083500000, 0x0000000083600000|  0%| F|  |TAMS 0x0000000083500000, 0x0000000083500000| Untracked 
|  36|0x0000000083600000, 0x0000000083600000, 0x0000000083700000|  0%| F|  |TAMS 0x0000000083600000, 0x0000000083600000| Untracked 
|  37|0x0000000083700000, 0x0000000083700000, 0x0000000083800000|  0%| F|  |TAMS 0x0000000083700000, 0x0000000083700000| Untracked 
|  38|0x0000000083800000, 0x0000000083800000, 0x0000000083900000|  0%| F|  |TAMS 0x0000000083800000, 0x0000000083800000| Untracked 
|  39|0x0000000083900000, 0x0000000083900000, 0x0000000083a00000|  0%| F|  |TAMS 0x0000000083900000, 0x0000000083900000| Untracked 
|  40|0x0000000083a00000, 0x0000000083a00000, 0x0000000083b00000|  0%| F|  |TAMS 0x0000000083a00000, 0x0000000083a00000| Untracked 
|  41|0x0000000083b00000, 0x0000000083b00000, 0x0000000083c00000|  0%| F|  |TAMS 0x0000000083b00000, 0x0000000083b00000| Untracked 
|  42|0x0000000083c00000, 0x0000000083c00000, 0x0000000083d00000|  0%| F|  |TAMS 0x0000000083c00000, 0x0000000083c00000| Untracked 
|  43|0x0000000083d00000, 0x0000000083d00000, 0x0000000083e00000|  0%| F|  |TAMS 0x0000000083d00000, 0x0000000083d00000| Untracked 
|  44|0x0000000083e00000, 0x0000000083e00000, 0x0000000083f00000|  0%| F|  |TAMS 0x0000000083e00000, 0x0000000083e00000| Untracked 
|  45|0x0000000083f00000, 0x0000000083f00000, 0x0000000084000000|  0%| F|  |TAMS 0x0000000083f00000, 0x0000000083f00000| Untracked 
|  46|0x0000000084000000, 0x0000000084000000, 0x0000000084100000|  0%| F|  |TAMS 0x0000000084000000, 0x0000000084000000| Untracked 
|  47|0x0000000084100000, 0x0000000084100000, 0x0000000084200000|  0%| F|  |TAMS 0x0000000084100000, 0x0000000084100000| Untracked 
|  48|0x0000000084200000, 0x0000000084200000, 0x0000000084300000|  0%| F|  |TAMS 0x0000000084200000, 0x0000000084200000| Untracked 
|  49|0x0000000084300000, 0x0000000084300000, 0x0000000084400000|  0%| F|  |TAMS 0x0000000084300000, 0x0000000084300000| Untracked 
|  50|0x0000000084400000, 0x0000000084400000, 0x0000000084500000|  0%| F|  |TAMS 0x0000000084400000, 0x0000000084400000| Untracked 
|  51|0x0000000084500000, 0x0000000084500000, 0x0000000084600000|  0%| F|  |TAMS 0x0000000084500000, 0x0000000084500000| Untracked 
|  52|0x0000000084600000, 0x0000000084600000, 0x0000000084700000|  0%| F|  |TAMS 0x0000000084600000, 0x0000000084600000| Untracked 
|  53|0x0000000084700000, 0x0000000084700000, 0x0000000084800000|  0%| F|  |TAMS 0x0000000084700000, 0x0000000084700000| Untracked 
|  54|0x0000000084800000, 0x0000000084800000, 0x0000000084900000|  0%| F|  |TAMS 0x0000000084800000, 0x0000000084800000| Untracked 
|  55|0x0000000084900000, 0x0000000084900000, 0x0000000084a00000|  0%| F|  |TAMS 0x0000000084900000, 0x0000000084900000| Untracked 
|  56|0x0000000084a00000, 0x0000000084a00000, 0x0000000084b00000|  0%| F|  |TAMS 0x0000000084a00000, 0x0000000084a00000| Untracked 
|  57|0x0000000084b00000, 0x0000000084b00000, 0x0000000084c00000|  0%| F|  |TAMS 0x0000000084b00000, 0x0000000084b00000| Untracked 
|  58|0x0000000084c00000, 0x0000000084c00000, 0x0000000084d00000|  0%| F|  |TAMS 0x0000000084c00000, 0x0000000084c00000| Untracked 
|  59|0x0000000084d00000, 0x0000000084d00000, 0x0000000084e00000|  0%| F|  |TAMS 0x0000000084d00000, 0x0000000084d00000| Untracked 
|  60|0x0000000084e00000, 0x0000000084e00000, 0x0000000084f00000|  0%| F|  |TAMS 0x0000000084e00000, 0x0000000084e00000| Untracked 
|  61|0x0000000084f00000, 0x0000000084f00000, 0x0000000085000000|  0%| F|  |TAMS 0x0000000084f00000, 0x0000000084f00000| Untracked 
|  62|0x0000000085000000, 0x0000000085000000, 0x0000000085100000|  0%| F|  |TAMS 0x0000000085000000, 0x0000000085000000| Untracked 
|  63|0x0000000085100000, 0x0000000085100000, 0x0000000085200000|  0%| F|  |TAMS 0x0000000085100000, 0x0000000085100000| Untracked 
|  64|0x0000000085200000, 0x0000000085200000, 0x0000000085300000|  0%| F|  |TAMS 0x0000000085200000, 0x0000000085200000| Untracked 
|  65|0x0000000085300000, 0x0000000085300000, 0x0000000085400000|  0%| F|  |TAMS 0x0000000085300000, 0x0000000085300000| Untracked 
|  66|0x0000000085400000, 0x0000000085400000, 0x0000000085500000|  0%| F|  |TAMS 0x0000000085400000, 0x0000000085400000| Untracked 
|  67|0x0000000085500000, 0x0000000085500000, 0x0000000085600000|  0%| F|  |TAMS 0x0000000085500000, 0x0000000085500000| Untracked 
|  68|0x0000000085600000, 0x0000000085600000, 0x0000000085700000|  0%| F|  |TAMS 0x0000000085600000, 0x0000000085600000| Untracked 
|  69|0x0000000085700000, 0x0000000085700000, 0x0000000085800000|  0%| F|  |TAMS 0x0000000085700000, 0x0000000085700000| Untracked 
|  70|0x0000000085800000, 0x0000000085800000, 0x0000000085900000|  0%| F|  |TAMS 0x0000000085800000, 0x0000000085800000| Untracked 
|  71|0x0000000085900000, 0x0000000085900000, 0x0000000085a00000|  0%| F|  |TAMS 0x0000000085900000, 0x0000000085900000| Untracked 
|  72|0x0000000085a00000, 0x0000000085a00000, 0x0000000085b00000|  0%| F|  |TAMS 0x0000000085a00000, 0x0000000085a00000| Untracked 
|  73|0x0000000085b00000, 0x0000000085b00000, 0x0000000085c00000|  0%| F|  |TAMS 0x0000000085b00000, 0x0000000085b00000| Untracked 
|  74|0x0000000085c00000, 0x0000000085c00000, 0x0000000085d00000|  0%| F|  |TAMS 0x0000000085c00000, 0x0000000085c00000| Untracked 
|  75|0x0000000085d00000, 0x0000000085d00000, 0x0000000085e00000|  0%| F|  |TAMS 0x0000000085d00000, 0x0000000085d00000| Untracked 
|  76|0x0000000085e00000, 0x0000000085e00000, 0x0000000085f00000|  0%| F|  |TAMS 0x0000000085e00000, 0x0000000085e00000| Untracked 
|  77|0x0000000085f00000, 0x0000000085f00000, 0x0000000086000000|  0%| F|  |TAMS 0x0000000085f00000, 0x0000000085f00000| Untracked 
|  78|0x0000000086000000, 0x0000000086000000, 0x0000000086100000|  0%| F|  |TAMS 0x0000000086000000, 0x0000000086000000| Untracked 
|  79|0x0000000086100000, 0x0000000086100000, 0x0000000086200000|  0%| F|  |TAMS 0x0000000086100000, 0x0000000086100000| Untracked 
|  80|0x0000000086200000, 0x0000000086200000, 0x0000000086300000|  0%| F|  |TAMS 0x0000000086200000, 0x0000000086200000| Untracked 
|  81|0x0000000086300000, 0x0000000086300000, 0x0000000086400000|  0%| F|  |TAMS 0x0000000086300000, 0x0000000086300000| Untracked 
|  82|0x0000000086400000, 0x0000000086400000, 0x0000000086500000|  0%| F|  |TAMS 0x0000000086400000, 0x0000000086400000| Untracked 
|  83|0x0000000086500000, 0x0000000086500000, 0x0000000086600000|  0%| F|  |TAMS 0x0000000086500000, 0x0000000086500000| Untracked 
|  84|0x0000000086600000, 0x0000000086600000, 0x0000000086700000|  0%| F|  |TAMS 0x0000000086600000, 0x0000000086600000| Untracked 
|  85|0x0000000086700000, 0x0000000086700000, 0x0000000086800000|  0%| F|  |TAMS 0x0000000086700000, 0x0000000086700000| Untracked 
|  86|0x0000000086800000, 0x0000000086800000, 0x0000000086900000|  0%| F|  |TAMS 0x0000000086800000, 0x0000000086800000| Untracked 
|  87|0x0000000086900000, 0x0000000086900000, 0x0000000086a00000|  0%| F|  |TAMS 0x0000000086900000, 0x0000000086900000| Untracked 
|  88|0x0000000086a00000, 0x0000000086a00000, 0x0000000086b00000|  0%| F|  |TAMS 0x0000000086a00000, 0x0000000086a00000| Untracked 
|  89|0x0000000086b00000, 0x0000000086b00000, 0x0000000086c00000|  0%| F|  |TAMS 0x0000000086b00000, 0x0000000086b00000| Untracked 
|  90|0x0000000086c00000, 0x0000000086c00000, 0x0000000086d00000|  0%| F|  |TAMS 0x0000000086c00000, 0x0000000086c00000| Untracked 
|  91|0x0000000086d00000, 0x0000000086d00000, 0x0000000086e00000|  0%| F|  |TAMS 0x0000000086d00000, 0x0000000086d00000| Untracked 
|  92|0x0000000086e00000, 0x0000000086e00000, 0x0000000086f00000|  0%| F|  |TAMS 0x0000000086e00000, 0x0000000086e00000| Untracked 
|  93|0x0000000086f00000, 0x0000000086f00000, 0x0000000087000000|  0%| F|  |TAMS 0x0000000086f00000, 0x0000000086f00000| Untracked 
|  94|0x0000000087000000, 0x0000000087000000, 0x0000000087100000|  0%| F|  |TAMS 0x0000000087000000, 0x0000000087000000| Untracked 
|  95|0x0000000087100000, 0x0000000087100000, 0x0000000087200000|  0%| F|  |TAMS 0x0000000087100000, 0x0000000087100000| Untracked 
|  96|0x0000000087200000, 0x0000000087200000, 0x0000000087300000|  0%| F|  |TAMS 0x0000000087200000, 0x0000000087200000| Untracked 
|  97|0x0000000087300000, 0x0000000087300000, 0x0000000087400000|  0%| F|  |TAMS 0x0000000087300000, 0x0000000087300000| Untracked 
|  98|0x0000000087400000, 0x0000000087400000, 0x0000000087500000|  0%| F|  |TAMS 0x0000000087400000, 0x0000000087400000| Untracked 
|  99|0x0000000087500000, 0x0000000087500000, 0x0000000087600000|  0%| F|  |TAMS 0x0000000087500000, 0x0000000087500000| Untracked 
| 100|0x0000000087600000, 0x0000000087600000, 0x0000000087700000|  0%| F|  |TAMS 0x0000000087600000, 0x0000000087600000| Untracked 
| 101|0x0000000087700000, 0x0000000087700000, 0x0000000087800000|  0%| F|  |TAMS 0x0000000087700000, 0x0000000087700000| Untracked 
| 102|0x0000000087800000, 0x0000000087800000, 0x0000000087900000|  0%| F|  |TAMS 0x0000000087800000, 0x0000000087800000| Untracked 
| 103|0x0000000087900000, 0x00000000879f1228, 0x0000000087a00000| 94%| S|CS|TAMS 0x0000000087900000, 0x0000000087900000| Complete 
| 104|0x0000000087a00000, 0x0000000087b00000, 0x0000000087b00000|100%| S|CS|TAMS 0x0000000087a00000, 0x0000000087a00000| Complete 
| 105|0x0000000087b00000, 0x0000000087b00000, 0x0000000087c00000|  0%| F|  |TAMS 0x0000000087b00000, 0x0000000087b00000| Untracked 
| 106|0x0000000087c00000, 0x0000000087c00000, 0x0000000087d00000|  0%| F|  |TAMS 0x0000000087c00000, 0x0000000087c00000| Untracked 
| 107|0x0000000087d00000, 0x0000000087d00000, 0x0000000087e00000|  0%| F|  |TAMS 0x0000000087d00000, 0x0000000087d00000| Untracked 
| 108|0x0000000087e00000, 0x0000000087e00000, 0x0000000087f00000|  0%| F|  |TAMS 0x0000000087e00000, 0x0000000087e00000| Untracked 
| 109|0x0000000087f00000, 0x0000000087f00000, 0x0000000088000000|  0%| F|  |TAMS 0x0000000087f00000, 0x0000000087f00000| Untracked 
| 110|0x0000000088000000, 0x0000000088000000, 0x0000000088100000|  0%| F|  |TAMS 0x0000000088000000, 0x0000000088000000| Untracked 
| 111|0x0000000088100000, 0x0000000088100000, 0x0000000088200000|  0%| F|  |TAMS 0x0000000088100000, 0x0000000088100000| Untracked 
| 112|0x0000000088200000, 0x0000000088200000, 0x0000000088300000|  0%| F|  |TAMS 0x0000000088200000, 0x0000000088200000| Untracked 
| 113|0x0000000088300000, 0x0000000088300000, 0x0000000088400000|  0%| F|  |TAMS 0x0000000088300000, 0x0000000088300000| Untracked 
| 114|0x0000000088400000, 0x0000000088400000, 0x0000000088500000|  0%| F|  |TAMS 0x0000000088400000, 0x0000000088400000| Untracked 
| 115|0x0000000088500000, 0x0000000088500000, 0x0000000088600000|  0%| F|  |TAMS 0x0000000088500000, 0x0000000088500000| Untracked 
| 116|0x0000000088600000, 0x0000000088680be8, 0x0000000088700000| 50%| E|  |TAMS 0x0000000088600000, 0x0000000088600000| Complete 
| 117|0x0000000088700000, 0x0000000088800000, 0x0000000088800000|100%| E|CS|TAMS 0x0000000088700000, 0x0000000088700000| Complete 
| 118|0x0000000088800000, 0x0000000088900000, 0x0000000088900000|100%| E|CS|TAMS 0x0000000088800000, 0x0000000088800000| Complete 
| 119|0x0000000088900000, 0x0000000088a00000, 0x0000000088a00000|100%| E|CS|TAMS 0x0000000088900000, 0x0000000088900000| Complete 
| 120|0x0000000088a00000, 0x0000000088b00000, 0x0000000088b00000|100%| E|CS|TAMS 0x0000000088a00000, 0x0000000088a00000| Complete 
| 121|0x0000000088b00000, 0x0000000088c00000, 0x0000000088c00000|100%| E|CS|TAMS 0x0000000088b00000, 0x0000000088b00000| Complete 
| 122|0x0000000088c00000, 0x0000000088d00000, 0x0000000088d00000|100%| E|CS|TAMS 0x0000000088c00000, 0x0000000088c00000| Complete 
| 123|0x0000000088d00000, 0x0000000088e00000, 0x0000000088e00000|100%| E|CS|TAMS 0x0000000088d00000, 0x0000000088d00000| Complete 
| 124|0x0000000088e00000, 0x0000000088f00000, 0x0000000088f00000|100%| E|CS|TAMS 0x0000000088e00000, 0x0000000088e00000| Complete 
| 125|0x0000000088f00000, 0x0000000089000000, 0x0000000089000000|100%| E|CS|TAMS 0x0000000088f00000, 0x0000000088f00000| Complete 
| 126|0x0000000089000000, 0x0000000089100000, 0x0000000089100000|100%| E|CS|TAMS 0x0000000089000000, 0x0000000089000000| Complete 
| 127|0x0000000089100000, 0x0000000089200000, 0x0000000089200000|100%| E|CS|TAMS 0x0000000089100000, 0x0000000089100000| Complete 

Card table byte_map: [0x000001f779ea0000,0x000001f77a2a0000] _byte_map_base: 0x000001f779a97000

Marking Bits (Prev, Next): (CMBitMap*) 0x000001f762fa2ed0, (CMBitMap*) 0x000001f762fa2f10
 Prev Bits: [0x000001f77a6a0000, 0x000001f77c658000)
 Next Bits: [0x000001f77c660000, 0x000001f77e618000)

Polling page: 0x000001f760ef0000

Metaspace:

Usage:
  Non-class:      5.39 MB used.
      Class:    762.42 KB used.
       Both:      6.14 MB used.

Virtual space:
  Non-class space:        8.00 MB reserved,       5.50 MB ( 69%) committed,  1 nodes.
      Class space:        1.00 GB reserved,     832.00 KB ( <1%) committed,  1 nodes.
             Both:        1.01 GB reserved,       6.31 MB ( <1%) committed. 

Chunk freelists:
   Non-Class:  1.11 MB
       Class:  3.00 MB
        Both:  4.11 MB

MaxMetaspaceSize: unlimited
CompressedClassSpaceSize: 1.00 GB
Initial GC threshold: 21.00 MB
Current GC threshold: 21.00 MB
CDS: on
MetaspaceReclaimPolicy: balanced
 - commit_granule_bytes: 65536.
 - commit_granule_words: 8192.
 - virtual_space_node_default_size: 1048576.
 - enlarge_chunks_in_place: 1.
 - new_chunks_are_fully_committed: 0.
 - uncommit_free_chunks: 1.
 - use_allocation_guard: 0.
 - handle_deallocations: 1.


Internal statistics:

num_allocs_failed_limit: 0.
num_arena_births: 24.
num_arena_deaths: 0.
num_vsnodes_births: 2.
num_vsnodes_deaths: 0.
num_space_committed: 101.
num_space_uncommitted: 0.
num_chunks_returned_to_freelist: 0.
num_chunks_taken_from_freelist: 172.
num_chunk_merges: 0.
num_chunk_splits: 128.
num_chunks_enlarged: 102.
num_purges: 0.
num_inconsistent_stats: 0.

CodeHeap 'non-profiled nmethods': size=120000Kb used=468Kb max_used=468Kb free=119531Kb
 bounds [0x000001f772240000, 0x000001f7724b0000, 0x000001f779770000]
CodeHeap 'profiled nmethods': size=120000Kb used=1660Kb max_used=1660Kb free=118340Kb
 bounds [0x000001f76ad10000, 0x000001f76af80000, 0x000001f772240000]
CodeHeap 'non-nmethods': size=5760Kb used=1221Kb max_used=1364Kb free=4538Kb
 bounds [0x000001f76a770000, 0x000001f76a9e0000, 0x000001f76ad10000]
 total_blobs=1241 nmethods=798 adapters=356
 compilation: enabled
              stopped_count=0, restarted_count=0
 full_count=0

Compilation events (20 events):
Event: 0.559 Thread 0x000001f77f016070  793       3       jdk.internal.loader.URLClassPath$JarLoader$2::getCodeSigners (8 bytes)
Event: 0.559 Thread 0x000001f77f016070 nmethod 793 0x000001f76aeadd10 code [0x000001f76aeadec0, 0x000001f76aeae0a8]
Event: 0.559 Thread 0x000001f77f016070  794   !   3       java.util.jar.JarFile$JarFileEntry::getCodeSigners (81 bytes)
Event: 0.559 Thread 0x000001f77f016070 nmethod 794 0x000001f76aeae190 code [0x000001f76aeae3a0, 0x000001f76aeae988]
Event: 0.572 Thread 0x000001f77f011e50 nmethod 737% 0x000001f772283b90 code [0x000001f772283e60, 0x000001f772287328]
Event: 0.572 Thread 0x000001f77f011e50  768       4       org.eclipse.jdt.launching.internal.org.objectweb.asm.ClassReader::<init> (371 bytes)
Event: 0.585 Thread 0x000001f77f011e50 nmethod 768 0x000001f772289110 code [0x000001f7722892c0, 0x000001f772289ff8]
Event: 0.585 Thread 0x000001f77f011e50  757       4       java.util.Objects::requireNonNull (14 bytes)
Event: 0.586 Thread 0x000001f77f011e50 nmethod 757 0x000001f77228a490 code [0x000001f77228a600, 0x000001f77228a678]
Event: 0.586 Thread 0x000001f77f011e50  752       4       org.eclipse.jdt.launching.internal.org.objectweb.asm.ClassVisitor::visitMethod (24 bytes)
Event: 1.034 Thread 0x000001f77f011e50 nmethod 752 0x000001f77228a790 code [0x000001f77228ab20, 0x000001f772292e50]
Event: 1.455 Thread 0x000001f77fe0ec20 nmethod 751 0x000001f772296310 code [0x000001f772296860, 0x000001f7722b0240]
Event: 117.548 Thread 0x000001f77f016070  795       3       com.db4o.internal.Platform4::jdk (13 bytes)
Event: 117.549 Thread 0x000001f77f016070 nmethod 795 0x000001f76aeaec10 code [0x000001f76aeaedc0, 0x000001f76aeaef28]
Event: 120.570 Thread 0x000001f77f016070  796       1       com.db4o.internal.ObjectContainerBase::lock (5 bytes)
Event: 120.570 Thread 0x000001f77f016070 nmethod 796 0x000001f7722b4810 code [0x000001f7722b49a0, 0x000001f7722b4a78]
Event: 128.623 Thread 0x000001f77f016070  797       1       com.db4o.foundation.SimpleTimer::access$000 (5 bytes)
Event: 128.623 Thread 0x000001f77f016070 nmethod 797 0x000001f7722b4b10 code [0x000001f7722b4ca0, 0x000001f7722b4d58]
Event: 128.623 Thread 0x000001f77f016070  798       1       com.db4o.foundation.SimpleTimer::access$100 (5 bytes)
Event: 128.623 Thread 0x000001f77f016070 nmethod 798 0x000001f7722b4e10 code [0x000001f7722b4fa0, 0x000001f7722b5058]

GC Heap History (2 events):
Event: 0.470 GC heap before
{Heap before GC invocations=0 (full 0):
 garbage-first heap   total 131072K, used 23552K [0x0000000081200000, 0x0000000100000000)
  region size 1024K, 23 young (23552K), 0 survivors (0K)
 Metaspace       used 5004K, committed 5056K, reserved 1056768K
  class space    used 566K, committed 576K, reserved 1048576K
}
Event: 0.473 GC heap after
{Heap after GC invocations=1 (full 0):
 garbage-first heap   total 131072K, used 1988K [0x0000000081200000, 0x0000000100000000)
  region size 1024K, 2 young (2048K), 2 survivors (2048K)
 Metaspace       used 5004K, committed 5056K, reserved 1056768K
  class space    used 566K, committed 576K, reserved 1048576K
}

Deoptimization events (20 events):
Event: 0.445 Thread 0x000001f762f632b0 DEOPT PACKING pc=0x000001f76ad466d6 sp=0x00000007f81fdd60
Event: 0.445 Thread 0x000001f762f632b0 DEOPT UNPACKING pc=0x000001f76a7c2b43 sp=0x00000007f81fd1e8 mode 0
Event: 0.502 Thread 0x000001f762f632b0 Uncommon trap: trap_request=0xffffff45 fr.pc=0x000001f77227163c relative=0x000000000000041c
Event: 0.502 Thread 0x000001f762f632b0 Uncommon trap: reason=unstable_if action=reinterpret pc=0x000001f77227163c method=java.lang.StringLatin1.indexOf([BI[BII)I @ 91 c2
Event: 0.502 Thread 0x000001f762f632b0 DEOPT PACKING pc=0x000001f77227163c sp=0x00000007f81fe9b0
Event: 0.502 Thread 0x000001f762f632b0 DEOPT UNPACKING pc=0x000001f76a7c23a3 sp=0x00000007f81fe920 mode 2
Event: 0.506 Thread 0x000001f762f632b0 DEOPT PACKING pc=0x000001f76ae998f9 sp=0x00000007f81f9850
Event: 0.506 Thread 0x000001f762f632b0 DEOPT UNPACKING pc=0x000001f76a7c2b43 sp=0x00000007f81f8cb0 mode 0
Event: 0.516 Thread 0x000001f762f632b0 DEOPT PACKING pc=0x000001f76ae998f9 sp=0x00000007f81fd050
Event: 0.516 Thread 0x000001f762f632b0 DEOPT UNPACKING pc=0x000001f76a7c2b43 sp=0x00000007f81fc4b0 mode 0
Event: 0.528 Thread 0x000001f762f632b0 DEOPT PACKING pc=0x000001f76ae998f9 sp=0x00000007f81fd050
Event: 0.528 Thread 0x000001f762f632b0 DEOPT UNPACKING pc=0x000001f76a7c2b43 sp=0x00000007f81fc4b0 mode 0
Event: 0.533 Thread 0x000001f762f632b0 DEOPT PACKING pc=0x000001f76ae998f9 sp=0x00000007f81fd400
Event: 0.533 Thread 0x000001f762f632b0 DEOPT UNPACKING pc=0x000001f76a7c2b43 sp=0x00000007f81fc860 mode 0
Event: 0.544 Thread 0x000001f762f632b0 DEOPT PACKING pc=0x000001f76ade2a63 sp=0x00000007f81f8890
Event: 0.544 Thread 0x000001f762f632b0 DEOPT UNPACKING pc=0x000001f76a7c2b43 sp=0x00000007f81f7d80 mode 0
Event: 0.544 Thread 0x000001f762f632b0 DEOPT PACKING pc=0x000001f76ae998f9 sp=0x00000007f81fa130
Event: 0.544 Thread 0x000001f762f632b0 DEOPT UNPACKING pc=0x000001f76a7c2b43 sp=0x00000007f81f9590 mode 0
Event: 0.558 Thread 0x000001f762f632b0 DEOPT PACKING pc=0x000001f76ae998f9 sp=0x00000007f81fd560
Event: 0.558 Thread 0x000001f762f632b0 DEOPT UNPACKING pc=0x000001f76a7c2b43 sp=0x00000007f81fc9c0 mode 0

Classes unloaded (0 events):
No events

Classes redefined (2 events):
Event: 36.937 Thread 0x000001f77efe5b30 redefined class name=dao.DAOTelefone, count=1
Event: 173.788 Thread 0x000001f77efe5b30 redefined class name=dao.DAOTelefone, count=2

Internal exceptions (0 events):
No events

VM Operations (20 events):
Event: 93.377 Executing VM operation: ChangeSingleStep
Event: 93.377 Executing VM operation: ChangeSingleStep done
Event: 93.435 Executing VM operation: get/set locals
Event: 93.435 Executing VM operation: get/set locals done
Event: 93.498 Executing VM operation: get/set locals
Event: 93.498 Executing VM operation: get/set locals done
Event: 173.781 Executing VM operation: ChangeSingleStep
Event: 173.781 Executing VM operation: ChangeSingleStep done
Event: 173.781 Executing VM operation: ChangeSingleStep
Event: 173.781 Executing VM operation: ChangeSingleStep done
Event: 173.786 Executing VM operation: RedefineClasses
Event: 173.792 Executing VM operation: RedefineClasses done
Event: 173.799 Executing VM operation: ChangeBreakpoints
Event: 173.799 Executing VM operation: ChangeBreakpoints done
Event: 173.804 Executing VM operation: ChangeBreakpoints
Event: 173.804 Executing VM operation: ChangeBreakpoints done
Event: 173.806 Executing VM operation: ChangeSingleStep
Event: 173.806 Executing VM operation: ChangeSingleStep done
Event: 173.807 Executing VM operation: ChangeSingleStep
Event: 173.807 Executing VM operation: ChangeSingleStep done

Events (20 events):
Event: 0.524 loading class java/io/ObjectStreamException
Event: 0.524 loading class java/io/ObjectStreamException done
Event: 0.524 loading class java/io/OptionalDataException done
Event: 0.525 loading class jdk/internal/reflect/SerializationConstructorAccessorImpl
Event: 0.525 loading class jdk/internal/reflect/SerializationConstructorAccessorImpl done
Event: 0.532 loading class java/lang/Class$AnnotationData
Event: 0.532 loading class java/lang/Class$AnnotationData done
Event: 0.538 loading class java/lang/InterruptedException
Event: 0.538 loading class java/lang/InterruptedException done
Event: 0.543 loading class jdk/internal/reflect/UnsafeFieldAccessorFactory
Event: 0.543 loading class jdk/internal/reflect/UnsafeFieldAccessorFactory done
Event: 0.543 loading class jdk/internal/reflect/UnsafeObjectFieldAccessorImpl
Event: 0.543 loading class jdk/internal/reflect/UnsafeObjectFieldAccessorImpl done
Event: 0.543 loading class jdk/internal/reflect/UnsafeLongFieldAccessorImpl
Event: 0.543 loading class jdk/internal/reflect/UnsafeLongFieldAccessorImpl done
Event: 0.548 loading class java/util/NoSuchElementException
Event: 0.548 loading class java/util/NoSuchElementException done
Event: 0.550 Thread 0x000001f7029e4fb0 Thread added: 0x000001f7029e4fb0
Event: 0.550 Thread 0x000001f7029e4fb0 Thread exited: 0x000001f7029e4fb0
Event: 6.467 Thread 0x000001f77fe0ec20 Thread exited: 0x000001f77fe0ec20


Dynamic libraries:
0x00007ff637a50000 - 0x00007ff637a60000 	C:\Program Files\Java\jdk-17\bin\javaw.exe
0x00007ff8833e0000 - 0x00007ff8835e9000 	C:\WINDOWS\SYSTEM32\ntdll.dll
0x00007ff881820000 - 0x00007ff8818dd000 	C:\WINDOWS\System32\KERNEL32.DLL
0x00007ff8808d0000 - 0x00007ff880c44000 	C:\WINDOWS\System32\KERNELBASE.dll
0x00007ff880cc0000 - 0x00007ff880dd1000 	C:\WINDOWS\System32\ucrtbase.dll
0x00007ff875b40000 - 0x00007ff875b5a000 	C:\Program Files\Java\jdk-17\bin\VCRUNTIME140.dll
0x00007ff875980000 - 0x00007ff875998000 	C:\Program Files\Java\jdk-17\bin\jli.dll
0x00007ff882390000 - 0x00007ff88243e000 	C:\WINDOWS\System32\ADVAPI32.dll
0x00007ff8812e0000 - 0x00007ff881383000 	C:\WINDOWS\System32\msvcrt.dll
0x00007ff8832f0000 - 0x00007ff88338e000 	C:\WINDOWS\System32\sechost.dll
0x00007ff881940000 - 0x00007ff881a60000 	C:\WINDOWS\System32\RPCRT4.dll
0x00007ff881390000 - 0x00007ff88153c000 	C:\WINDOWS\System32\USER32.dll
0x00007ff860f00000 - 0x00007ff8611a5000 	C:\WINDOWS\WinSxS\amd64_microsoft.windows.common-controls_6595b64144ccf1df_6.0.22000.120_none_9d947278b86cc467\COMCTL32.dll
0x00007ff8810e0000 - 0x00007ff881106000 	C:\WINDOWS\System32\win32u.dll
0x00007ff8832c0000 - 0x00007ff8832e9000 	C:\WINDOWS\System32\GDI32.dll
0x00007ff880f20000 - 0x00007ff881032000 	C:\WINDOWS\System32\gdi32full.dll
0x00007ff881040000 - 0x00007ff8810dd000 	C:\WINDOWS\System32\msvcp_win.dll
0x00007ff878da0000 - 0x00007ff878daa000 	C:\WINDOWS\SYSTEM32\VERSION.dll
0x00007ff881540000 - 0x00007ff881571000 	C:\WINDOWS\System32\IMM32.DLL
0x00007ff87d560000 - 0x00007ff87d56c000 	C:\Program Files\Java\jdk-17\bin\vcruntime140_1.dll
0x00007ff861cf0000 - 0x00007ff861d7d000 	C:\Program Files\Java\jdk-17\bin\msvcp140.dll
0x00007ff834940000 - 0x00007ff8354fe000 	C:\Program Files\Java\jdk-17\bin\server\jvm.dll
0x00007ff883390000 - 0x00007ff883398000 	C:\WINDOWS\System32\PSAPI.DLL
0x00007ff86bf80000 - 0x00007ff86bf89000 	C:\WINDOWS\SYSTEM32\WSOCK32.dll
0x00007ff87a7a0000 - 0x00007ff87a7d3000 	C:\WINDOWS\SYSTEM32\WINMM.dll
0x00007ff882160000 - 0x00007ff8821cf000 	C:\WINDOWS\System32\WS2_32.dll
0x00007ff87fa80000 - 0x00007ff87fa98000 	C:\WINDOWS\SYSTEM32\kernel.appcore.dll
0x00007ff87c820000 - 0x00007ff87c82a000 	C:\Program Files\Java\jdk-17\bin\jimage.dll
0x00007ff87e3e0000 - 0x00007ff87e601000 	C:\WINDOWS\SYSTEM32\DBGHELP.DLL
0x00007ff86a970000 - 0x00007ff86a9a1000 	C:\WINDOWS\SYSTEM32\dbgcore.DLL
0x00007ff880ea0000 - 0x00007ff880f1f000 	C:\WINDOWS\System32\bcryptPrimitives.dll
0x00007ff860540000 - 0x00007ff86057b000 	C:\Program Files\Java\jdk-17\bin\jdwp.dll
0x00007ff8720e0000 - 0x00007ff8720ee000 	C:\Program Files\Java\jdk-17\bin\instrument.dll
0x00007ff8625c0000 - 0x00007ff8625e5000 	C:\Program Files\Java\jdk-17\bin\java.dll
0x00007ff8562c0000 - 0x00007ff856396000 	C:\Program Files\Java\jdk-17\bin\svml.dll
0x00007ff882970000 - 0x00007ff88311e000 	C:\WINDOWS\System32\SHELL32.dll
0x00007ff87ea10000 - 0x00007ff87f278000 	C:\WINDOWS\SYSTEM32\windows.storage.dll
0x00007ff8825f0000 - 0x00007ff882968000 	C:\WINDOWS\System32\combase.dll
0x00007ff87e8a0000 - 0x00007ff87ea06000 	C:\WINDOWS\SYSTEM32\wintypes.dll
0x00007ff881ac0000 - 0x00007ff881baa000 	C:\WINDOWS\System32\SHCORE.dll
0x00007ff8818e0000 - 0x00007ff88193d000 	C:\WINDOWS\System32\shlwapi.dll
0x00007ff880800000 - 0x00007ff880821000 	C:\WINDOWS\SYSTEM32\profapi.dll
0x00007ff867a30000 - 0x00007ff867a3c000 	C:\Program Files\Java\jdk-17\bin\dt_socket.dll
0x00007ff87f5f0000 - 0x00007ff87f61d000 	C:\WINDOWS\SYSTEM32\IPHLPAPI.DLL
0x00007ff87feb0000 - 0x00007ff87ff17000 	C:\WINDOWS\system32\mswsock.dll
0x00007ff87f620000 - 0x00007ff87f707000 	C:\WINDOWS\SYSTEM32\DNSAPI.dll
0x00007ff882440000 - 0x00007ff882449000 	C:\WINDOWS\System32\NSI.dll
0x00007ff876430000 - 0x00007ff87643a000 	C:\Windows\System32\rasadhlp.dll
0x00007ff876c20000 - 0x00007ff876ca1000 	C:\WINDOWS\System32\fwpuclnt.dll
0x00007ff8620d0000 - 0x00007ff8620e8000 	C:\Program Files\Java\jdk-17\bin\zip.dll
0x00007ff866aa0000 - 0x00007ff866ab9000 	C:\Program Files\Java\jdk-17\bin\net.dll
0x00007ff879490000 - 0x00007ff87959c000 	C:\WINDOWS\SYSTEM32\WINHTTP.dll
0x00007ff866220000 - 0x00007ff866235000 	C:\Program Files\Java\jdk-17\bin\nio.dll
0x00007ff87b270000 - 0x00007ff87b280000 	C:\Program Files\Java\jdk-17\bin\verify.dll

dbghelp: loaded successfully - version: 4.0.5 - missing functions: none
symbol engine: initialized successfully - sym options: 0x614 - pdb path: .;C:\Program Files\Java\jdk-17\bin;C:\WINDOWS\SYSTEM32;C:\WINDOWS\WinSxS\amd64_microsoft.windows.common-controls_6595b64144ccf1df_6.0.22000.120_none_9d947278b86cc467;C:\Program Files\Java\jdk-17\bin\server

VM Arguments:
jvm_args: -XX:+ShowCodeDetailsInExceptionMessages -agentlib:jdwp=transport=dt_socket,suspend=y,address=localhost:54556 -javaagent:C:\Users\renat\eclipse\jee-2021-09\eclipse\configuration\org.eclipse.osgi\415\0\.cp\lib\javaagent-shaded.jar -Dfile.encoding=Cp1252 
java_command: aplicacao_console.AplicacaoConsole
java_class_path (initial): C:\Users\renat\Downloads\projeto1-AgendaContatoDB4O\bin;C:\Users\renat\Downloads\projeto1-AgendaContatoDB4O\lib\db4o-8.1.249.16099-core-java5.jar;C:\Users\renat\Downloads\projeto1-AgendaContatoDB4O\lib\db4o-8.1.249.16099-cs.optional-java5.jar;C:\Users\renat\Downloads\projeto1-AgendaContatoDB4O\lib\db4o-8.1.249.16099-cs-java5.jar
Launcher Type: SUN_STANDARD

[Global flags]
     intx CICompilerCount                          = 4                                         {product} {ergonomic}
     uint ConcGCThreads                            = 2                                         {product} {ergonomic}
     uint G1ConcRefinementThreads                  = 8                                         {product} {ergonomic}
   size_t G1HeapRegionSize                         = 1048576                                   {product} {ergonomic}
    uintx GCDrainStackTargetSize                   = 64                                        {product} {ergonomic}
   size_t InitialHeapSize                          = 134217728                                 {product} {ergonomic}
   size_t MarkStackSize                            = 4194304                                   {product} {ergonomic}
   size_t MaxHeapSize                              = 2128609280                                {product} {ergonomic}
   size_t MaxNewSize                               = 1277165568                                {product} {ergonomic}
   size_t MinHeapDeltaBytes                        = 1048576                                   {product} {ergonomic}
   size_t MinHeapSize                              = 8388608                                   {product} {ergonomic}
    uintx NonNMethodCodeHeapSize                   = 5839372                                {pd product} {ergonomic}
    uintx NonProfiledCodeHeapSize                  = 122909434                              {pd product} {ergonomic}
    uintx ProfiledCodeHeapSize                     = 122909434                              {pd product} {ergonomic}
    uintx ReservedCodeCacheSize                    = 251658240                              {pd product} {ergonomic}
     bool SegmentedCodeCache                       = true                                      {product} {ergonomic}
     bool ShowCodeDetailsInExceptionMessages       = true                                   {manageable} {command line}
   size_t SoftMaxHeapSize                          = 2128609280                             {manageable} {ergonomic}
     bool UseCompressedClassPointers               = true                           {product lp64_product} {ergonomic}
     bool UseCompressedOops                        = true                           {product lp64_product} {ergonomic}
     bool UseG1GC                                  = true                                      {product} {ergonomic}
     bool UseLargePagesIndividualAllocation        = false                                  {pd product} {ergonomic}

Logging:
Log output configuration:
 #0: stdout all=warning uptime,level,tags
 #1: stderr all=off uptime,level,tags

Environment Variables:
JAVA_HOME=C:\Program Files\Java\jdk1.8.0_211
CLASSPATH=.;
PATH=C:\Program Files\Common Files\Oracle\Java\javapath;C:\ProgramData\Oracle\Java\javapath;C:\WINDOWS\system32;C:\WINDOWS;C:\WINDOWS\System32\Wbem;C:\WINDOWS\System32\WindowsPowerShell\v1.0\;C:\WINDOWS\System32\OpenSSH\;C:\ProgramData\chocolatey\bin;C:\Program Files\Git\cmd;C:\Program Files\Java\jdk1.8.0_211\bin;C:\Program Files\nodejs\;C:\Users\renat\AppData\Local\Programs\Python\Python39\Scripts\;C:\Users\renat\AppData\Local\Programs\Python\Python38\Scripts\;C:\Users\renat\AppData\Local\Programs\Python\Python38\;C:\Users\renat\AppData\Local\Programs\Python\Launcher\;C:\Users\renat\AppData\Local\Programs\Python\Python39\;C:\Users\renat\AppData\Local\Microsoft\WindowsApps;C:\Users\renat\AppData\Local\Programs\Microsoft VS Code\bin;C:\src\flutter\bin;;C:\Program Files\JetBrains\IntelliJ IDEA 2021.3.2\bin;;C:\Users\renat\AppData\Roaming\npm
USERNAME=renat
OS=Windows_NT
PROCESSOR_IDENTIFIER=Intel64 Family 6 Model 158 Stepping 13, GenuineIntel



---------------  S Y S T E M  ---------------

OS:
 Windows 10 , 64 bit Build 22000 (10.0.22000.434)
OS uptime: 2 days 8:33 hours
Hyper-V role detected

CPU: total 8 (initial active 8) (4 cores per cpu, 2 threads per core) family 6 model 158 stepping 13 microcode 0xde, cx8, cmov, fxsr, ht, mmx, 3dnowpref, sse, sse2, sse3, ssse3, sse4.1, sse4.2, popcnt, lzcnt, tsc, tscinvbit, avx, avx2, aes, erms, clmul, bmi1, bmi2, adx, fma, vzeroupper, clflush, clflushopt, hv

Memory: 4k page, system-wide physical 8112M (2808M free)
TotalPageFile size 16224M (AvailPageFile size 6908M)
current process WorkingSet (physical memory assigned to process): 71M, peak: 136M
current process commit charge ("private bytes"): 221M, peak: 286M

vm_info: Java HotSpot(TM) 64-Bit Server VM (17+35-LTS-2724) for windows-amd64 JRE (17+35-LTS-2724), built on Aug  5 2021 23:28:28 by "mach5one" with MS VC++ 16.8 (VS2019)

END.
